{"level":"warn","message":"Ruta no encontrada /producto/hola con el metodo GET"}
{"level":"warn","message":"Ruta no encontrada /hola/producto con el metodo GET"}
{"level":"warn","message":"Ruta no encontrada /producto/hola con el metodo GET"}
{"level":"warn","message":"Ruta no encontrada /product con el metodo GET"}
{"level":"warn","message":"Ruta no encontrada /favicon.ico con el metodo GET"}
{"level":"warn","message":"Ruta no encontrada /producto con el metodo GET"}
{"level":"warn","message":"Ruta no encontrada /favicon.ico con el metodo GET"}
{"level":"warn","message":"Ruta no encontrada /favicon.ico con el metodo GET"}
{"level":"warn","message":"Ruta no encontrada /productos con el metodo GET"}
{"level":"warn","message":"Ruta no encontrada /favicon.ico con el metodo GET"}
{"level":"warn","message":"Ruta no encontrada /favicon.ico con el metodo GET"}
{"level":"warn","message":"Ruta no encontrada /favicon.ico con el metodo GET"}
{"level":"warn","message":"Ruta no encontrada /js/index.js con el metodo GET"}
{"level":"warn","message":"Ruta no encontrada /favicon.ico con el metodo GET"}
{"level":"warn","message":"Ruta no encontrada /js/index.js con el metodo GET"}
{"level":"warn","message":"Ruta no encontrada /favicon.ico con el metodo GET"}
{"level":"warn","message":"Ruta no encontrada /js/index.js con el metodo GET"}
{"level":"warn","message":"Ruta no encontrada /favicon.ico con el metodo GET"}
{"level":"warn","message":"Ruta no encontrada /js/index.js con el metodo GET"}
{"level":"warn","message":"Ruta no encontrada /favicon.ico con el metodo GET"}
{"level":"warn","message":"Ruta no encontrada /js/index.js con el metodo GET"}
{"level":"warn","message":"Ruta no encontrada /favicon.ico con el metodo GET"}
{"level":"warn","message":"Ruta no encontrada /js/index.js con el metodo GET"}
{"level":"warn","message":"Ruta no encontrada /favicon.ico con el metodo GET"}
{"level":"warn","message":"Ruta no encontrada /favicon.ico con el metodo GET"}
{"level":"warn","message":"Ruta no encontrada /js/index.js con el metodo GET"}
{"level":"warn","message":"Ruta no encontrada /favicon.ico con el metodo GET"}
{"level":"warn","message":"Ruta no encontrada /js/index.js con el metodo GET"}
{"level":"warn","message":"Ruta no encontrada /favicon.ico con el metodo GET"}
{"level":"warn","message":"Ruta no encontrada /js/index.js con el metodo GET"}
{"level":"warn","message":"Ruta no encontrada /favicon.ico con el metodo GET"}
{"level":"warn","message":"Ruta no encontrada /favicon.ico con el metodo GET"}
{"level":"warn","message":"Ruta no encontrada /favicon.ico con el metodo GET"}
